<component name="libraryTable">
  <library name="junit-jupiter-engine-5.3.2">
    <CLASSES>
      <root url="jar://C:/Java/librerias/junit-jupiter-engine-5.3.2.jar!/" />
    </CLASSES>
    <JAVADOC />
    <SOURCES />
  </library>
</component>