<component name="libraryTable">
  <library name="junit-platform-launcher-1.3.2">
    <CLASSES>
      <root url="jar://C:/Java/librerias/junit-platform-launcher-1.3.2.jar!/" />
    </CLASSES>
    <JAVADOC />
    <SOURCES />
  </library>
</component>